<?xml version="1.0" encoding="UTF-8"?>
<testng-results skipped="0" failed="0" ignored="0" total="2" passed="2">
  <reporter-output>
  </reporter-output>
  <suite name="Default suite" duration-ms="66" started-at="2018-05-31T15:59:54Z" finished-at="2018-05-31T15:59:54Z">
    <groups>
    </groups>
    <test name="Default test" duration-ms="66" started-at="2018-05-31T15:59:54Z" finished-at="2018-05-31T15:59:54Z">
      <class name="testjava.TestPage">
        <test-method status="PASS" signature="test1()[pri:0, instance:testjava.TestPage@51efea79]" name="test1" duration-ms="15" started-at="2018-05-31T21:29:54Z" finished-at="2018-05-31T21:29:54Z">
          <reporter-output>
          </reporter-output>
        </test-method> <!-- test1 -->
      </class> <!-- testjava.TestPage -->
      <class name="mainjava.MainPage">
        <test-method status="PASS" signature="test()[pri:0, instance:mainjava.MainPage@51081592]" name="test" duration-ms="6" started-at="2018-05-31T21:29:54Z" finished-at="2018-05-31T21:29:54Z">
          <reporter-output>
          </reporter-output>
        </test-method> <!-- test -->
      </class> <!-- mainjava.MainPage -->
    </test> <!-- Default test -->
  </suite> <!-- Default suite -->
</testng-results>
